This file contains any messages produced by compilers while
running configure, to aid debugging if configure makes a mistake.

It was created by link-grammar configure 5.2.5, which was
generated by GNU Autoconf 2.69.  Invocation command line was

  $ ./configure --prefix=/home/gleki/link-grammar-5.2.5

## --------- ##
## Platform. ##
## --------- ##

hostname = vrici.digitalkingdom.org
uname -m = x86_64
uname -r = 4.0.5-300.fc22.x86_64
uname -s = Linux
uname -v = #1 SMP Mon Jun 8 16:15:26 UTC 2015

/usr/bin/uname -p = x86_64
/bin/uname -X     = unknown

/bin/arch              = x86_64
/usr/bin/arch -k       = unknown
/usr/convex/getsysinfo = unknown
/usr/bin/hostinfo      = unknown
/bin/machine           = unknown
/usr/bin/oslevel       = unknown
/bin/universe          = unknown

PATH: /home/gleki/local/bin
PATH: /home/gleki/local/bin
PATH: /usr/local/bin
PATH: /usr/bin
PATH: /usr/local/sbin
PATH: /usr/sbin
PATH: /home/gleki/.local/bin
PATH: /home/gleki/bin


## ----------- ##
## Core tests. ##
## ----------- ##

configure:2721: checking for a BSD-compatible install
configure:2789: result: /usr/bin/install -c
configure:2800: checking whether build environment is sane
configure:2855: result: yes
configure:3006: checking for a thread-safe mkdir -p
configure:3045: result: /usr/bin/mkdir -p
configure:3052: checking for gawk
configure:3068: found /usr/bin/gawk
configure:3079: result: gawk
configure:3090: checking whether make sets $(MAKE)
configure:3112: result: yes
configure:3141: checking whether make supports nested variables
configure:3158: result: yes
configure:3284: checking whether to enable maintainer-specific portions of Makefiles
configure:3293: result: yes
configure:3322: checking whether make supports nested variables
configure:3339: result: yes
configure:3356: checking build system type
configure:3370: result: x86_64-unknown-linux-gnu
configure:3390: checking host system type
configure:3403: result: x86_64-unknown-linux-gnu
configure:3472: checking for gcc
configure:3488: found /usr/bin/gcc
configure:3499: result: gcc
configure:3728: checking for C compiler version
configure:3737: gcc --version >&5
gcc (GCC) 5.1.1 20150618 (Red Hat 5.1.1-4)
Copyright (C) 2015 Free Software Foundation, Inc.
This is free software; see the source for copying conditions.  There is NO
warranty; not even for MERCHANTABILITY or FITNESS FOR A PARTICULAR PURPOSE.

configure:3748: $? = 0
configure:3737: gcc -v >&5
Using built-in specs.
COLLECT_GCC=gcc
COLLECT_LTO_WRAPPER=/usr/libexec/gcc/x86_64-redhat-linux/5.1.1/lto-wrapper
Target: x86_64-redhat-linux
Configured with: ../configure --enable-bootstrap --enable-languages=c,c++,objc,obj-c++,fortran,ada,go,lto --prefix=/usr --mandir=/usr/share/man --infodir=/usr/share/info --with-bugurl=http://bugzilla.redhat.com/bugzilla --enable-shared --enable-threads=posix --enable-checking=release --enable-multilib --with-system-zlib --enable-__cxa_atexit --disable-libunwind-exceptions --enable-gnu-unique-object --enable-linker-build-id --with-linker-hash-style=gnu --enable-plugin --enable-initfini-array --disable-libgcj --with-default-libstdcxx-abi=c++98 --with-isl --enable-libmpx --enable-gnu-indirect-function --with-tune=generic --with-arch_32=i686 --build=x86_64-redhat-linux
Thread model: posix
gcc version 5.1.1 20150618 (Red Hat 5.1.1-4) (GCC) 
configure:3748: $? = 0
configure:3737: gcc -V >&5
gcc: error: unrecognized command line option '-V'
gcc: fatal error: no input files
compilation terminated.
configure:3748: $? = 1
configure:3737: gcc -qversion >&5
gcc: error: unrecognized command line option '-qversion'
gcc: fatal error: no input files
compilation terminated.
configure:3748: $? = 1
configure:3768: checking whether the C compiler works
configure:3790: gcc    conftest.c  >&5
configure:3794: $? = 0
configure:3842: result: yes
configure:3845: checking for C compiler default output file name
configure:3847: result: a.out
configure:3853: checking for suffix of executables
configure:3860: gcc -o conftest    conftest.c  >&5
configure:3864: $? = 0
configure:3886: result: 
configure:3908: checking whether we are cross compiling
configure:3916: gcc -o conftest    conftest.c  >&5
configure:3920: $? = 0
configure:3927: ./conftest
configure:3931: $? = 0
configure:3946: result: no
configure:3951: checking for suffix of object files
configure:3973: gcc -c   conftest.c >&5
configure:3977: $? = 0
configure:3998: result: o
configure:4002: checking whether we are using the GNU C compiler
configure:4021: gcc -c   conftest.c >&5
configure:4021: $? = 0
configure:4030: result: yes
configure:4039: checking whether gcc accepts -g
configure:4059: gcc -c -g  conftest.c >&5
configure:4059: $? = 0
configure:4100: result: yes
configure:4117: checking for gcc option to accept ISO C89
configure:4180: gcc  -c -g -O2  conftest.c >&5
configure:4180: $? = 0
configure:4193: result: none needed
configure:4218: checking whether gcc understands -c and -o together
configure:4240: gcc -c conftest.c -o conftest2.o
configure:4243: $? = 0
configure:4240: gcc -c conftest.c -o conftest2.o
configure:4243: $? = 0
configure:4255: result: yes
configure:4283: checking for style of include used by make
configure:4311: result: GNU
configure:4337: checking dependency style of gcc
configure:4448: result: gcc3
configure:4521: checking for g++
configure:4537: found /usr/bin/g++
configure:4548: result: g++
configure:4575: checking for C++ compiler version
configure:4584: g++ --version >&5
g++ (GCC) 5.1.1 20150618 (Red Hat 5.1.1-4)
Copyright (C) 2015 Free Software Foundation, Inc.
This is free software; see the source for copying conditions.  There is NO
warranty; not even for MERCHANTABILITY or FITNESS FOR A PARTICULAR PURPOSE.

configure:4595: $? = 0
configure:4584: g++ -v >&5
Using built-in specs.
COLLECT_GCC=g++
COLLECT_LTO_WRAPPER=/usr/libexec/gcc/x86_64-redhat-linux/5.1.1/lto-wrapper
Target: x86_64-redhat-linux
Configured with: ../configure --enable-bootstrap --enable-languages=c,c++,objc,obj-c++,fortran,ada,go,lto --prefix=/usr --mandir=/usr/share/man --infodir=/usr/share/info --with-bugurl=http://bugzilla.redhat.com/bugzilla --enable-shared --enable-threads=posix --enable-checking=release --enable-multilib --with-system-zlib --enable-__cxa_atexit --disable-libunwind-exceptions --enable-gnu-unique-object --enable-linker-build-id --with-linker-hash-style=gnu --enable-plugin --enable-initfini-array --disable-libgcj --with-default-libstdcxx-abi=c++98 --with-isl --enable-libmpx --enable-gnu-indirect-function --with-tune=generic --with-arch_32=i686 --build=x86_64-redhat-linux
Thread model: posix
gcc version 5.1.1 20150618 (Red Hat 5.1.1-4) (GCC) 
configure:4595: $? = 0
configure:4584: g++ -V >&5
g++: error: unrecognized command line option '-V'
g++: fatal error: no input files
compilation terminated.
configure:4595: $? = 1
configure:4584: g++ -qversion >&5
g++: error: unrecognized command line option '-qversion'
g++: fatal error: no input files
compilation terminated.
configure:4595: $? = 1
configure:4599: checking whether we are using the GNU C++ compiler
configure:4618: g++ -c   conftest.cpp >&5
configure:4618: $? = 0
configure:4627: result: yes
configure:4636: checking whether g++ accepts -g
configure:4656: g++ -c -g  conftest.cpp >&5
configure:4656: $? = 0
configure:4697: result: yes
configure:4722: checking dependency style of g++
configure:4833: result: gcc3
configure:4853: checking how to run the C preprocessor
configure:4884: gcc -E  conftest.c
configure:4884: $? = 0
configure:4898: gcc -E  conftest.c
conftest.c:11:28: fatal error: ac_nonexistent.h: No such file or directory
compilation terminated.
configure:4898: $? = 1
configure: failed program was:
| /* confdefs.h */
| #define PACKAGE_NAME "link-grammar"
| #define PACKAGE_TARNAME "link-grammar"
| #define PACKAGE_VERSION "5.2.5"
| #define PACKAGE_STRING "link-grammar 5.2.5"
| #define PACKAGE_BUGREPORT "link-grammar@googlegroups.com"
| #define PACKAGE_URL ""
| #define PACKAGE "link-grammar"
| #define VERSION "5.2.5"
| /* end confdefs.h.  */
| #include <ac_nonexistent.h>
configure:4923: result: gcc -E
configure:4943: gcc -E  conftest.c
configure:4943: $? = 0
configure:4957: gcc -E  conftest.c
conftest.c:11:28: fatal error: ac_nonexistent.h: No such file or directory
compilation terminated.
configure:4957: $? = 1
configure: failed program was:
| /* confdefs.h */
| #define PACKAGE_NAME "link-grammar"
| #define PACKAGE_TARNAME "link-grammar"
| #define PACKAGE_VERSION "5.2.5"
| #define PACKAGE_STRING "link-grammar 5.2.5"
| #define PACKAGE_BUGREPORT "link-grammar@googlegroups.com"
| #define PACKAGE_URL ""
| #define PACKAGE "link-grammar"
| #define VERSION "5.2.5"
| /* end confdefs.h.  */
| #include <ac_nonexistent.h>
configure:5032: checking how to print strings
configure:5059: result: printf
configure:5080: checking for a sed that does not truncate output
configure:5144: result: /usr/bin/sed
configure:5162: checking for grep that handles long lines and -e
configure:5220: result: /usr/bin/grep
configure:5225: checking for egrep
configure:5287: result: /usr/bin/grep -E
configure:5292: checking for fgrep
configure:5354: result: /usr/bin/grep -F
configure:5389: checking for ld used by gcc
configure:5456: result: /usr/bin/ld
configure:5463: checking if the linker (/usr/bin/ld) is GNU ld
configure:5478: result: yes
configure:5490: checking for BSD- or MS-compatible name lister (nm)
configure:5539: result: /usr/bin/nm -B
configure:5669: checking the name lister (/usr/bin/nm -B) interface
configure:5676: gcc -c -g -O2  conftest.c >&5
configure:5679: /usr/bin/nm -B "conftest.o"
configure:5682: output
0000000000000000 B some_variable
configure:5689: result: BSD nm
configure:5692: checking whether ln -s works
configure:5696: result: yes
configure:5704: checking the maximum length of command line arguments
configure:5835: result: 1572864
configure:5852: checking whether the shell understands some XSI constructs
configure:5862: result: yes
configure:5866: checking whether the shell understands "+="
configure:5872: result: yes
configure:5907: checking how to convert x86_64-unknown-linux-gnu file names to x86_64-unknown-linux-gnu format
configure:5947: result: func_convert_file_noop
configure:5954: checking how to convert x86_64-unknown-linux-gnu file names to toolchain format
configure:5974: result: func_convert_file_noop
configure:5981: checking for /usr/bin/ld option to reload object files
configure:5988: result: -r
configure:6062: checking for objdump
configure:6078: found /usr/bin/objdump
configure:6089: result: objdump
configure:6121: checking how to recognize dependent libraries
configure:6319: result: pass_all
configure:6404: checking for dlltool
configure:6434: result: no
configure:6464: checking how to associate runtime and link libraries
configure:6491: result: printf %s\n
configure:6552: checking for ar
configure:6568: found /usr/bin/ar
configure:6579: result: ar
configure:6616: checking for archiver @FILE support
configure:6633: gcc -c -g -O2  conftest.c >&5
configure:6633: $? = 0
configure:6636: ar cru libconftest.a @conftest.lst >&5
ar: `u' modifier ignored since `D' is the default (see `U')
configure:6639: $? = 0
configure:6644: ar cru libconftest.a @conftest.lst >&5
ar: `u' modifier ignored since `D' is the default (see `U')
ar: conftest.o: No such file or directory
configure:6647: $? = 1
configure:6659: result: @
configure:6717: checking for strip
configure:6733: found /usr/bin/strip
configure:6744: result: strip
configure:6816: checking for ranlib
configure:6832: found /usr/bin/ranlib
configure:6843: result: ranlib
configure:6945: checking command to parse /usr/bin/nm -B output from gcc object
configure:7065: gcc -c -g -O2  conftest.c >&5
configure:7068: $? = 0
configure:7072: /usr/bin/nm -B conftest.o \| sed -n -e 's/^.*[ ]\([ABCDGIRSTW][ABCDGIRSTW]*\)[ ][ ]*\([_A-Za-z][_A-Za-z0-9]*\)$/\1 \2 \2/p' | sed '/ __gnu_lto/d' \> conftest.nm
configure:7075: $? = 0
configure:7141: gcc -o conftest -g -O2   conftest.c conftstm.o >&5
configure:7144: $? = 0
configure:7182: result: ok
configure:7219: checking for sysroot
configure:7249: result: no
configure:7326: gcc -c -g -O2  conftest.c >&5
configure:7329: $? = 0
configure:7518: checking for mt
configure:7548: result: no
configure:7568: checking if : is a manifest tool
configure:7574: : '-?'
configure:7582: result: no
configure:8220: checking for ANSI C header files
configure:8240: gcc -c -g -O2  conftest.c >&5
configure:8240: $? = 0
configure:8313: gcc -o conftest -g -O2   conftest.c  >&5
configure:8313: $? = 0
configure:8313: ./conftest
configure:8313: $? = 0
configure:8324: result: yes
configure:8337: checking for sys/types.h
configure:8337: gcc -c -g -O2  conftest.c >&5
configure:8337: $? = 0
configure:8337: result: yes
configure:8337: checking for sys/stat.h
configure:8337: gcc -c -g -O2  conftest.c >&5
configure:8337: $? = 0
configure:8337: result: yes
configure:8337: checking for stdlib.h
configure:8337: gcc -c -g -O2  conftest.c >&5
configure:8337: $? = 0
configure:8337: result: yes
configure:8337: checking for string.h
configure:8337: gcc -c -g -O2  conftest.c >&5
configure:8337: $? = 0
configure:8337: result: yes
configure:8337: checking for memory.h
configure:8337: gcc -c -g -O2  conftest.c >&5
configure:8337: $? = 0
configure:8337: result: yes
configure:8337: checking for strings.h
configure:8337: gcc -c -g -O2  conftest.c >&5
configure:8337: $? = 0
configure:8337: result: yes
configure:8337: checking for inttypes.h
configure:8337: gcc -c -g -O2  conftest.c >&5
configure:8337: $? = 0
configure:8337: result: yes
configure:8337: checking for stdint.h
configure:8337: gcc -c -g -O2  conftest.c >&5
configure:8337: $? = 0
configure:8337: result: yes
configure:8337: checking for unistd.h
configure:8337: gcc -c -g -O2  conftest.c >&5
configure:8337: $? = 0
configure:8337: result: yes
configure:8351: checking for dlfcn.h
configure:8351: gcc -c -g -O2  conftest.c >&5
configure:8351: $? = 0
configure:8351: result: yes
configure:8568: checking for objdir
configure:8583: result: .libs
configure:8854: checking if gcc supports -fno-rtti -fno-exceptions
configure:8872: gcc -c -g -O2  -fno-rtti -fno-exceptions conftest.c >&5
cc1: warning: command line option '-fno-rtti' is valid for C++/ObjC++ but not for C
configure:8876: $? = 0
configure:8889: result: no
configure:9216: checking for gcc option to produce PIC
configure:9223: result: -fPIC -DPIC
configure:9231: checking if gcc PIC flag -fPIC -DPIC works
configure:9249: gcc -c -g -O2  -fPIC -DPIC -DPIC conftest.c >&5
configure:9253: $? = 0
configure:9266: result: yes
configure:9295: checking if gcc static flag -static works
configure:9323: result: no
configure:9338: checking if gcc supports -c -o file.o
configure:9359: gcc -c -g -O2  -o out/conftest2.o conftest.c >&5
configure:9363: $? = 0
configure:9385: result: yes
configure:9393: checking if gcc supports -c -o file.o
configure:9440: result: yes
configure:9473: checking whether the gcc linker (/usr/bin/ld -m elf_x86_64) supports shared libraries
configure:10630: result: yes
configure:10667: checking whether -lc should be explicitly linked in
configure:10675: gcc -c -g -O2  conftest.c >&5
configure:10678: $? = 0
configure:10693: gcc -shared  -fPIC -DPIC conftest.o  -v -Wl,-soname -Wl,conftest -o conftest 2\>\&1 \| /usr/bin/grep  -lc  \>/dev/null 2\>\&1
configure:10696: $? = 0
configure:10710: result: no
configure:10870: checking dynamic linker characteristics
configure:11370: gcc -o conftest -g -O2   -Wl,-rpath -Wl,/foo conftest.c  >&5
configure:11370: $? = 0
configure:11604: result: GNU/Linux ld.so
configure:11711: checking how to hardcode library paths into programs
configure:11736: result: immediate
configure:12276: checking whether stripping libraries is possible
configure:12281: result: yes
configure:12316: checking if libtool supports shared libraries
configure:12318: result: yes
configure:12321: checking whether to build shared libraries
configure:12342: result: yes
configure:12345: checking whether to build static libraries
configure:12349: result: yes
configure:12372: checking how to run the C++ preprocessor
configure:12399: g++ -E  conftest.cpp
configure:12399: $? = 0
configure:12413: g++ -E  conftest.cpp
conftest.cpp:23:28: fatal error: ac_nonexistent.h: No such file or directory
compilation terminated.
configure:12413: $? = 1
configure: failed program was:
| /* confdefs.h */
| #define PACKAGE_NAME "link-grammar"
| #define PACKAGE_TARNAME "link-grammar"
| #define PACKAGE_VERSION "5.2.5"
| #define PACKAGE_STRING "link-grammar 5.2.5"
| #define PACKAGE_BUGREPORT "link-grammar@googlegroups.com"
| #define PACKAGE_URL ""
| #define PACKAGE "link-grammar"
| #define VERSION "5.2.5"
| #define STDC_HEADERS 1
| #define HAVE_SYS_TYPES_H 1
| #define HAVE_SYS_STAT_H 1
| #define HAVE_STDLIB_H 1
| #define HAVE_STRING_H 1
| #define HAVE_MEMORY_H 1
| #define HAVE_STRINGS_H 1
| #define HAVE_INTTYPES_H 1
| #define HAVE_STDINT_H 1
| #define HAVE_UNISTD_H 1
| #define HAVE_DLFCN_H 1
| #define LT_OBJDIR ".libs/"
| /* end confdefs.h.  */
| #include <ac_nonexistent.h>
configure:12438: result: g++ -E
configure:12458: g++ -E  conftest.cpp
configure:12458: $? = 0
configure:12472: g++ -E  conftest.cpp
conftest.cpp:23:28: fatal error: ac_nonexistent.h: No such file or directory
compilation terminated.
configure:12472: $? = 1
configure: failed program was:
| /* confdefs.h */
| #define PACKAGE_NAME "link-grammar"
| #define PACKAGE_TARNAME "link-grammar"
| #define PACKAGE_VERSION "5.2.5"
| #define PACKAGE_STRING "link-grammar 5.2.5"
| #define PACKAGE_BUGREPORT "link-grammar@googlegroups.com"
| #define PACKAGE_URL ""
| #define PACKAGE "link-grammar"
| #define VERSION "5.2.5"
| #define STDC_HEADERS 1
| #define HAVE_SYS_TYPES_H 1
| #define HAVE_SYS_STAT_H 1
| #define HAVE_STDLIB_H 1
| #define HAVE_STRING_H 1
| #define HAVE_MEMORY_H 1
| #define HAVE_STRINGS_H 1
| #define HAVE_INTTYPES_H 1
| #define HAVE_STDINT_H 1
| #define HAVE_UNISTD_H 1
| #define HAVE_DLFCN_H 1
| #define LT_OBJDIR ".libs/"
| /* end confdefs.h.  */
| #include <ac_nonexistent.h>
configure:12641: checking for ld used by g++
configure:12708: result: /usr/bin/ld -m elf_x86_64
configure:12715: checking if the linker (/usr/bin/ld -m elf_x86_64) is GNU ld
configure:12730: result: yes
configure:12785: checking whether the g++ linker (/usr/bin/ld -m elf_x86_64) supports shared libraries
configure:13787: result: yes
configure:13823: g++ -c -g -O2  conftest.cpp >&5
configure:13826: $? = 0
configure:14346: checking for g++ option to produce PIC
configure:14353: result: -fPIC -DPIC
configure:14361: checking if g++ PIC flag -fPIC -DPIC works
configure:14379: g++ -c -g -O2  -fPIC -DPIC -DPIC conftest.cpp >&5
configure:14383: $? = 0
configure:14396: result: yes
configure:14419: checking if g++ static flag -static works
configure:14447: result: no
configure:14459: checking if g++ supports -c -o file.o
configure:14480: g++ -c -g -O2  -o out/conftest2.o conftest.cpp >&5
configure:14484: $? = 0
configure:14506: result: yes
configure:14511: checking if g++ supports -c -o file.o
configure:14558: result: yes
configure:14588: checking whether the g++ linker (/usr/bin/ld -m elf_x86_64) supports shared libraries
configure:14627: result: yes
configure:14768: checking dynamic linker characteristics
configure:15436: result: GNU/Linux ld.so
configure:15489: checking how to hardcode library paths into programs
configure:15514: result: immediate
configure:15575: checking whether ln -s works
configure:15579: result: yes
configure:15586: checking whether make sets $(MAKE)
configure:15608: result: yes
configure:15617: checking for ANSI C header files
configure:15721: result: yes
configure:15750: checking for /proc/self/maps
configure:15763: result: yes
configure:15769: checking whether everything is installed to the same prefix
configure:15785: result: no
configure:15788: checking whether binary relocation support should be enabled
configure:15806: result: no
configure:15949: checking for pkg-config
configure:15967: found /usr/bin/pkg-config
configure:15979: result: /usr/bin/pkg-config
configure:16004: checking pkg-config is at least version 0.9.0
configure:16007: result: yes
configure:16026: checking for an ANSI C-conforming const
configure:16092: gcc -c -g -O2  conftest.c >&5
configure:16092: $? = 0
configure:16099: result: yes
configure:16110: checking for towupper
configure:16110: gcc -o conftest -g -O2   conftest.c  >&5
conftest.c:47:6: warning: conflicting types for built-in function 'towupper'
 char towupper ();
      ^
configure:16110: $? = 0
configure:16110: result: yes
configure:16120: checking for size_t
configure:16120: gcc -c -g -O2  conftest.c >&5
configure:16120: $? = 0
configure:16120: gcc -c -g -O2  conftest.c >&5
conftest.c: In function 'main':
conftest.c:61:21: error: expected expression before ')' token
 if (sizeof ((size_t)))
                     ^
configure:16120: $? = 1
configure: failed program was:
| /* confdefs.h */
| #define PACKAGE_NAME "link-grammar"
| #define PACKAGE_TARNAME "link-grammar"
| #define PACKAGE_VERSION "5.2.5"
| #define PACKAGE_STRING "link-grammar 5.2.5"
| #define PACKAGE_BUGREPORT "link-grammar@googlegroups.com"
| #define PACKAGE_URL ""
| #define PACKAGE "link-grammar"
| #define VERSION "5.2.5"
| #define STDC_HEADERS 1
| #define HAVE_SYS_TYPES_H 1
| #define HAVE_SYS_STAT_H 1
| #define HAVE_STDLIB_H 1
| #define HAVE_STRING_H 1
| #define HAVE_MEMORY_H 1
| #define HAVE_STRINGS_H 1
| #define HAVE_INTTYPES_H 1
| #define HAVE_STDINT_H 1
| #define HAVE_UNISTD_H 1
| #define HAVE_DLFCN_H 1
| #define LT_OBJDIR ".libs/"
| #define STDC_HEADERS 1
| #define HAVE_TOWUPPER 1
| /* end confdefs.h.  */
| #include <stdio.h>
| #ifdef HAVE_SYS_TYPES_H
| # include <sys/types.h>
| #endif
| #ifdef HAVE_SYS_STAT_H
| # include <sys/stat.h>
| #endif
| #ifdef STDC_HEADERS
| # include <stdlib.h>
| # include <stddef.h>
| #else
| # ifdef HAVE_STDLIB_H
| #  include <stdlib.h>
| # endif
| #endif
| #ifdef HAVE_STRING_H
| # if !defined STDC_HEADERS && defined HAVE_MEMORY_H
| #  include <memory.h>
| # endif
| # include <string.h>
| #endif
| #ifdef HAVE_STRINGS_H
| # include <strings.h>
| #endif
| #ifdef HAVE_INTTYPES_H
| # include <inttypes.h>
| #endif
| #ifdef HAVE_STDINT_H
| # include <stdint.h>
| #endif
| #ifdef HAVE_UNISTD_H
| # include <unistd.h>
| #endif
| int
| main ()
| {
| if (sizeof ((size_t)))
| 	    return 0;
|   ;
|   return 0;
| }
configure:16120: result: yes
configure:16133: checking for working alloca.h
configure:16150: gcc -o conftest -g -O2   conftest.c  >&5
configure:16150: $? = 0
configure:16158: result: yes
configure:16166: checking for alloca
configure:16203: gcc -o conftest -g -O2   conftest.c  >&5
configure:16203: $? = 0
configure:16211: result: yes
configure:16319: checking for pid_t
configure:16319: gcc -c -g -O2  conftest.c >&5
configure:16319: $? = 0
configure:16319: gcc -c -g -O2  conftest.c >&5
conftest.c: In function 'main':
conftest.c:63:20: error: expected expression before ')' token
 if (sizeof ((pid_t)))
                    ^
configure:16319: $? = 1
configure: failed program was:
| /* confdefs.h */
| #define PACKAGE_NAME "link-grammar"
| #define PACKAGE_TARNAME "link-grammar"
| #define PACKAGE_VERSION "5.2.5"
| #define PACKAGE_STRING "link-grammar 5.2.5"
| #define PACKAGE_BUGREPORT "link-grammar@googlegroups.com"
| #define PACKAGE_URL ""
| #define PACKAGE "link-grammar"
| #define VERSION "5.2.5"
| #define STDC_HEADERS 1
| #define HAVE_SYS_TYPES_H 1
| #define HAVE_SYS_STAT_H 1
| #define HAVE_STDLIB_H 1
| #define HAVE_STRING_H 1
| #define HAVE_MEMORY_H 1
| #define HAVE_STRINGS_H 1
| #define HAVE_INTTYPES_H 1
| #define HAVE_STDINT_H 1
| #define HAVE_UNISTD_H 1
| #define HAVE_DLFCN_H 1
| #define LT_OBJDIR ".libs/"
| #define STDC_HEADERS 1
| #define HAVE_TOWUPPER 1
| #define HAVE_ALLOCA_H 1
| #define HAVE_ALLOCA 1
| /* end confdefs.h.  */
| #include <stdio.h>
| #ifdef HAVE_SYS_TYPES_H
| # include <sys/types.h>
| #endif
| #ifdef HAVE_SYS_STAT_H
| # include <sys/stat.h>
| #endif
| #ifdef STDC_HEADERS
| # include <stdlib.h>
| # include <stddef.h>
| #else
| # ifdef HAVE_STDLIB_H
| #  include <stdlib.h>
| # endif
| #endif
| #ifdef HAVE_STRING_H
| # if !defined STDC_HEADERS && defined HAVE_MEMORY_H
| #  include <memory.h>
| # endif
| # include <string.h>
| #endif
| #ifdef HAVE_STRINGS_H
| # include <strings.h>
| #endif
| #ifdef HAVE_INTTYPES_H
| # include <inttypes.h>
| #endif
| #ifdef HAVE_STDINT_H
| # include <stdint.h>
| #endif
| #ifdef HAVE_UNISTD_H
| # include <unistd.h>
| #endif
| int
| main ()
| {
| if (sizeof ((pid_t)))
| 	    return 0;
|   ;
|   return 0;
| }
configure:16319: result: yes
configure:16332: checking vfork.h usability
configure:16332: gcc -c -g -O2  conftest.c >&5
conftest.c:60:19: fatal error: vfork.h: No such file or directory
compilation terminated.
configure:16332: $? = 1
configure: failed program was:
| /* confdefs.h */
| #define PACKAGE_NAME "link-grammar"
| #define PACKAGE_TARNAME "link-grammar"
| #define PACKAGE_VERSION "5.2.5"
| #define PACKAGE_STRING "link-grammar 5.2.5"
| #define PACKAGE_BUGREPORT "link-grammar@googlegroups.com"
| #define PACKAGE_URL ""
| #define PACKAGE "link-grammar"
| #define VERSION "5.2.5"
| #define STDC_HEADERS 1
| #define HAVE_SYS_TYPES_H 1
| #define HAVE_SYS_STAT_H 1
| #define HAVE_STDLIB_H 1
| #define HAVE_STRING_H 1
| #define HAVE_MEMORY_H 1
| #define HAVE_STRINGS_H 1
| #define HAVE_INTTYPES_H 1
| #define HAVE_STDINT_H 1
| #define HAVE_UNISTD_H 1
| #define HAVE_DLFCN_H 1
| #define LT_OBJDIR ".libs/"
| #define STDC_HEADERS 1
| #define HAVE_TOWUPPER 1
| #define HAVE_ALLOCA_H 1
| #define HAVE_ALLOCA 1
| /* end confdefs.h.  */
| #include <stdio.h>
| #ifdef HAVE_SYS_TYPES_H
| # include <sys/types.h>
| #endif
| #ifdef HAVE_SYS_STAT_H
| # include <sys/stat.h>
| #endif
| #ifdef STDC_HEADERS
| # include <stdlib.h>
| # include <stddef.h>
| #else
| # ifdef HAVE_STDLIB_H
| #  include <stdlib.h>
| # endif
| #endif
| #ifdef HAVE_STRING_H
| # if !defined STDC_HEADERS && defined HAVE_MEMORY_H
| #  include <memory.h>
| # endif
| # include <string.h>
| #endif
| #ifdef HAVE_STRINGS_H
| # include <strings.h>
| #endif
| #ifdef HAVE_INTTYPES_H
| # include <inttypes.h>
| #endif
| #ifdef HAVE_STDINT_H
| # include <stdint.h>
| #endif
| #ifdef HAVE_UNISTD_H
| # include <unistd.h>
| #endif
| #include <vfork.h>
configure:16332: result: no
configure:16332: checking vfork.h presence
configure:16332: gcc -E  conftest.c
conftest.c:27:19: fatal error: vfork.h: No such file or directory
compilation terminated.
configure:16332: $? = 1
configure: failed program was:
| /* confdefs.h */
| #define PACKAGE_NAME "link-grammar"
| #define PACKAGE_TARNAME "link-grammar"
| #define PACKAGE_VERSION "5.2.5"
| #define PACKAGE_STRING "link-grammar 5.2.5"
| #define PACKAGE_BUGREPORT "link-grammar@googlegroups.com"
| #define PACKAGE_URL ""
| #define PACKAGE "link-grammar"
| #define VERSION "5.2.5"
| #define STDC_HEADERS 1
| #define HAVE_SYS_TYPES_H 1
| #define HAVE_SYS_STAT_H 1
| #define HAVE_STDLIB_H 1
| #define HAVE_STRING_H 1
| #define HAVE_MEMORY_H 1
| #define HAVE_STRINGS_H 1
| #define HAVE_INTTYPES_H 1
| #define HAVE_STDINT_H 1
| #define HAVE_UNISTD_H 1
| #define HAVE_DLFCN_H 1
| #define LT_OBJDIR ".libs/"
| #define STDC_HEADERS 1
| #define HAVE_TOWUPPER 1
| #define HAVE_ALLOCA_H 1
| #define HAVE_ALLOCA 1
| /* end confdefs.h.  */
| #include <vfork.h>
configure:16332: result: no
configure:16332: checking for vfork.h
configure:16332: result: no
configure:16345: checking for fork
configure:16345: gcc -o conftest -g -O2   conftest.c  >&5
conftest.c:50:6: warning: conflicting types for built-in function 'fork'
 char fork ();
      ^
configure:16345: $? = 0
configure:16345: result: yes
configure:16345: checking for vfork
configure:16345: gcc -o conftest -g -O2   conftest.c  >&5
configure:16345: $? = 0
configure:16345: result: yes
configure:16355: checking for working fork
configure:16377: gcc -o conftest -g -O2   conftest.c  >&5
configure:16377: $? = 0
configure:16377: ./conftest
configure:16377: $? = 0
configure:16387: result: yes
configure:16408: checking for working vfork
configure:16518: result: yes
configure:16545: checking for prctl
configure:16545: gcc -o conftest -g -O2   conftest.c  >&5
configure:16545: $? = 0
configure:16545: result: yes
configure:16557: checking for native Win32
configure:16567: result: no
configure:16619: checking for 64-bit Apple OSX
configure:16630: result: no
configure:16772: checking stdio.h usability
configure:16772: g++ -c -g -O2 -O3 -Wall -std=c++03  -DUSE_SAT_SOLVER=1 conftest.cpp >&5
configure:16772: $? = 0
configure:16772: result: yes
configure:16772: checking stdio.h presence
configure:16772: g++ -E  -DUSE_SAT_SOLVER=1 conftest.cpp
configure:16772: $? = 0
configure:16772: result: yes
configure:16772: checking for stdio.h
configure:16772: result: yes
configure:16975: checking sqlite3.h usability
configure:16975: gcc -c -g -O2 -O3 -std=c99 -D_BSD_SOURCE -D_SVID_SOURCE -D_GNU_SOURCE -D_DEFAULT_SOURCE  -DUSE_SAT_SOLVER=1 conftest.c >&5
configure:16975: $? = 0
configure:16975: result: yes
configure:16975: checking sqlite3.h presence
configure:16975: gcc -E  -DUSE_SAT_SOLVER=1 conftest.c
configure:16975: $? = 0
configure:16975: result: yes
configure:16975: checking for sqlite3.h
configure:16975: result: yes
configure:16989: checking for SQLITE3
configure:16996: $PKG_CONFIG --exists --print-errors "sqlite3 >= 3.0.0"
configure:16999: $? = 0
configure:17013: $PKG_CONFIG --exists --print-errors "sqlite3 >= 3.0.0"
configure:17016: $? = 0
configure:17054: result: yes
configure:17130: checking for ASPELL
configure:17137: $PKG_CONFIG --exists --print-errors "aspell"
Package aspell was not found in the pkg-config search path.
Perhaps you should add the directory containing `aspell.pc'
to the PKG_CONFIG_PATH environment variable
No package 'aspell' found
configure:17140: $? = 1
configure:17154: $PKG_CONFIG --exists --print-errors "aspell"
Package aspell was not found in the pkg-config search path.
Perhaps you should add the directory containing `aspell.pc'
to the PKG_CONFIG_PATH environment variable
No package 'aspell' found
configure:17157: $? = 1
configure:17171: result: no
No package 'aspell' found
configure:17201: checking aspell.h usability
configure:17201: gcc -c -g -O2 -O3 -std=c99 -D_BSD_SOURCE -D_SVID_SOURCE -D_GNU_SOURCE -D_DEFAULT_SOURCE  -DUSE_SAT_SOLVER=1 -DHAVE_SQLITE=1  conftest.c >&5
conftest.c:66:20: fatal error: aspell.h: No such file or directory
compilation terminated.
configure:17201: $? = 1
configure: failed program was:
| /* confdefs.h */
| #define PACKAGE_NAME "link-grammar"
| #define PACKAGE_TARNAME "link-grammar"
| #define PACKAGE_VERSION "5.2.5"
| #define PACKAGE_STRING "link-grammar 5.2.5"
| #define PACKAGE_BUGREPORT "link-grammar@googlegroups.com"
| #define PACKAGE_URL ""
| #define PACKAGE "link-grammar"
| #define VERSION "5.2.5"
| #define STDC_HEADERS 1
| #define HAVE_SYS_TYPES_H 1
| #define HAVE_SYS_STAT_H 1
| #define HAVE_STDLIB_H 1
| #define HAVE_STRING_H 1
| #define HAVE_MEMORY_H 1
| #define HAVE_STRINGS_H 1
| #define HAVE_INTTYPES_H 1
| #define HAVE_STDINT_H 1
| #define HAVE_UNISTD_H 1
| #define HAVE_DLFCN_H 1
| #define LT_OBJDIR ".libs/"
| #define STDC_HEADERS 1
| #define HAVE_TOWUPPER 1
| #define HAVE_ALLOCA_H 1
| #define HAVE_ALLOCA 1
| #define HAVE_FORK 1
| #define HAVE_VFORK 1
| #define HAVE_WORKING_VFORK 1
| #define HAVE_WORKING_FORK 1
| #define HAVE_PRCTL 1
| #define DEBUG_MEMORY 0
| /* end confdefs.h.  */
| #include <stdio.h>
| #ifdef HAVE_SYS_TYPES_H
| # include <sys/types.h>
| #endif
| #ifdef HAVE_SYS_STAT_H
| # include <sys/stat.h>
| #endif
| #ifdef STDC_HEADERS
| # include <stdlib.h>
| # include <stddef.h>
| #else
| # ifdef HAVE_STDLIB_H
| #  include <stdlib.h>
| # endif
| #endif
| #ifdef HAVE_STRING_H
| # if !defined STDC_HEADERS && defined HAVE_MEMORY_H
| #  include <memory.h>
| # endif
| # include <string.h>
| #endif
| #ifdef HAVE_STRINGS_H
| # include <strings.h>
| #endif
| #ifdef HAVE_INTTYPES_H
| # include <inttypes.h>
| #endif
| #ifdef HAVE_STDINT_H
| # include <stdint.h>
| #endif
| #ifdef HAVE_UNISTD_H
| # include <unistd.h>
| #endif
| #include <aspell.h>
configure:17201: result: no
configure:17201: checking aspell.h presence
configure:17201: gcc -E  -DUSE_SAT_SOLVER=1 -DHAVE_SQLITE=1  conftest.c
conftest.c:33:20: fatal error: aspell.h: No such file or directory
compilation terminated.
configure:17201: $? = 1
configure: failed program was:
| /* confdefs.h */
| #define PACKAGE_NAME "link-grammar"
| #define PACKAGE_TARNAME "link-grammar"
| #define PACKAGE_VERSION "5.2.5"
| #define PACKAGE_STRING "link-grammar 5.2.5"
| #define PACKAGE_BUGREPORT "link-grammar@googlegroups.com"
| #define PACKAGE_URL ""
| #define PACKAGE "link-grammar"
| #define VERSION "5.2.5"
| #define STDC_HEADERS 1
| #define HAVE_SYS_TYPES_H 1
| #define HAVE_SYS_STAT_H 1
| #define HAVE_STDLIB_H 1
| #define HAVE_STRING_H 1
| #define HAVE_MEMORY_H 1
| #define HAVE_STRINGS_H 1
| #define HAVE_INTTYPES_H 1
| #define HAVE_STDINT_H 1
| #define HAVE_UNISTD_H 1
| #define HAVE_DLFCN_H 1
| #define LT_OBJDIR ".libs/"
| #define STDC_HEADERS 1
| #define HAVE_TOWUPPER 1
| #define HAVE_ALLOCA_H 1
| #define HAVE_ALLOCA 1
| #define HAVE_FORK 1
| #define HAVE_VFORK 1
| #define HAVE_WORKING_VFORK 1
| #define HAVE_WORKING_FORK 1
| #define HAVE_PRCTL 1
| #define DEBUG_MEMORY 0
| /* end confdefs.h.  */
| #include <aspell.h>
configure:17201: result: no
configure:17201: checking for aspell.h
configure:17201: result: no
configure:17209: checking for new_aspell_config in -laspell
configure:17234: gcc -o conftest -g -O2 -O3 -std=c99 -D_BSD_SOURCE -D_SVID_SOURCE -D_GNU_SOURCE -D_DEFAULT_SOURCE  -DUSE_SAT_SOLVER=1 -DHAVE_SQLITE=1   conftest.c -laspell   >&5
/usr/bin/ld: cannot find -laspell
collect2: error: ld returned 1 exit status
configure:17234: $? = 1
configure: failed program was:
| /* confdefs.h */
| #define PACKAGE_NAME "link-grammar"
| #define PACKAGE_TARNAME "link-grammar"
| #define PACKAGE_VERSION "5.2.5"
| #define PACKAGE_STRING "link-grammar 5.2.5"
| #define PACKAGE_BUGREPORT "link-grammar@googlegroups.com"
| #define PACKAGE_URL ""
| #define PACKAGE "link-grammar"
| #define VERSION "5.2.5"
| #define STDC_HEADERS 1
| #define HAVE_SYS_TYPES_H 1
| #define HAVE_SYS_STAT_H 1
| #define HAVE_STDLIB_H 1
| #define HAVE_STRING_H 1
| #define HAVE_MEMORY_H 1
| #define HAVE_STRINGS_H 1
| #define HAVE_INTTYPES_H 1
| #define HAVE_STDINT_H 1
| #define HAVE_UNISTD_H 1
| #define HAVE_DLFCN_H 1
| #define LT_OBJDIR ".libs/"
| #define STDC_HEADERS 1
| #define HAVE_TOWUPPER 1
| #define HAVE_ALLOCA_H 1
| #define HAVE_ALLOCA 1
| #define HAVE_FORK 1
| #define HAVE_VFORK 1
| #define HAVE_WORKING_VFORK 1
| #define HAVE_WORKING_FORK 1
| #define HAVE_PRCTL 1
| #define DEBUG_MEMORY 0
| /* end confdefs.h.  */
| 
| /* Override any GCC internal prototype to avoid an error.
|    Use char because int might match the return type of a GCC
|    builtin and then its argument prototype would still apply.  */
| #ifdef __cplusplus
| extern "C"
| #endif
| char new_aspell_config ();
| int
| main ()
| {
| return new_aspell_config ();
|   ;
|   return 0;
| }
configure:17243: result: no
configure:17286: checking for HUNSPELL
configure:17293: $PKG_CONFIG --exists --print-errors "hunspell"
Package hunspell was not found in the pkg-config search path.
Perhaps you should add the directory containing `hunspell.pc'
to the PKG_CONFIG_PATH environment variable
No package 'hunspell' found
configure:17296: $? = 1
configure:17310: $PKG_CONFIG --exists --print-errors "hunspell"
Package hunspell was not found in the pkg-config search path.
Perhaps you should add the directory containing `hunspell.pc'
to the PKG_CONFIG_PATH environment variable
No package 'hunspell' found
configure:17313: $? = 1
configure:17327: result: no
No package 'hunspell' found
configure:17357: checking hunspell.h usability
configure:17357: gcc -c -g -O2 -O3 -std=c99 -D_BSD_SOURCE -D_SVID_SOURCE -D_GNU_SOURCE -D_DEFAULT_SOURCE  -DUSE_SAT_SOLVER=1 -DHAVE_SQLITE=1  conftest.c >&5
conftest.c:66:22: fatal error: hunspell.h: No such file or directory
compilation terminated.
configure:17357: $? = 1
configure: failed program was:
| /* confdefs.h */
| #define PACKAGE_NAME "link-grammar"
| #define PACKAGE_TARNAME "link-grammar"
| #define PACKAGE_VERSION "5.2.5"
| #define PACKAGE_STRING "link-grammar 5.2.5"
| #define PACKAGE_BUGREPORT "link-grammar@googlegroups.com"
| #define PACKAGE_URL ""
| #define PACKAGE "link-grammar"
| #define VERSION "5.2.5"
| #define STDC_HEADERS 1
| #define HAVE_SYS_TYPES_H 1
| #define HAVE_SYS_STAT_H 1
| #define HAVE_STDLIB_H 1
| #define HAVE_STRING_H 1
| #define HAVE_MEMORY_H 1
| #define HAVE_STRINGS_H 1
| #define HAVE_INTTYPES_H 1
| #define HAVE_STDINT_H 1
| #define HAVE_UNISTD_H 1
| #define HAVE_DLFCN_H 1
| #define LT_OBJDIR ".libs/"
| #define STDC_HEADERS 1
| #define HAVE_TOWUPPER 1
| #define HAVE_ALLOCA_H 1
| #define HAVE_ALLOCA 1
| #define HAVE_FORK 1
| #define HAVE_VFORK 1
| #define HAVE_WORKING_VFORK 1
| #define HAVE_WORKING_FORK 1
| #define HAVE_PRCTL 1
| #define DEBUG_MEMORY 0
| /* end confdefs.h.  */
| #include <stdio.h>
| #ifdef HAVE_SYS_TYPES_H
| # include <sys/types.h>
| #endif
| #ifdef HAVE_SYS_STAT_H
| # include <sys/stat.h>
| #endif
| #ifdef STDC_HEADERS
| # include <stdlib.h>
| # include <stddef.h>
| #else
| # ifdef HAVE_STDLIB_H
| #  include <stdlib.h>
| # endif
| #endif
| #ifdef HAVE_STRING_H
| # if !defined STDC_HEADERS && defined HAVE_MEMORY_H
| #  include <memory.h>
| # endif
| # include <string.h>
| #endif
| #ifdef HAVE_STRINGS_H
| # include <strings.h>
| #endif
| #ifdef HAVE_INTTYPES_H
| # include <inttypes.h>
| #endif
| #ifdef HAVE_STDINT_H
| # include <stdint.h>
| #endif
| #ifdef HAVE_UNISTD_H
| # include <unistd.h>
| #endif
| #include <hunspell.h>
configure:17357: result: no
configure:17357: checking hunspell.h presence
configure:17357: gcc -E  -DUSE_SAT_SOLVER=1 -DHAVE_SQLITE=1  conftest.c
conftest.c:33:22: fatal error: hunspell.h: No such file or directory
compilation terminated.
configure:17357: $? = 1
configure: failed program was:
| /* confdefs.h */
| #define PACKAGE_NAME "link-grammar"
| #define PACKAGE_TARNAME "link-grammar"
| #define PACKAGE_VERSION "5.2.5"
| #define PACKAGE_STRING "link-grammar 5.2.5"
| #define PACKAGE_BUGREPORT "link-grammar@googlegroups.com"
| #define PACKAGE_URL ""
| #define PACKAGE "link-grammar"
| #define VERSION "5.2.5"
| #define STDC_HEADERS 1
| #define HAVE_SYS_TYPES_H 1
| #define HAVE_SYS_STAT_H 1
| #define HAVE_STDLIB_H 1
| #define HAVE_STRING_H 1
| #define HAVE_MEMORY_H 1
| #define HAVE_STRINGS_H 1
| #define HAVE_INTTYPES_H 1
| #define HAVE_STDINT_H 1
| #define HAVE_UNISTD_H 1
| #define HAVE_DLFCN_H 1
| #define LT_OBJDIR ".libs/"
| #define STDC_HEADERS 1
| #define HAVE_TOWUPPER 1
| #define HAVE_ALLOCA_H 1
| #define HAVE_ALLOCA 1
| #define HAVE_FORK 1
| #define HAVE_VFORK 1
| #define HAVE_WORKING_VFORK 1
| #define HAVE_WORKING_FORK 1
| #define HAVE_PRCTL 1
| #define DEBUG_MEMORY 0
| /* end confdefs.h.  */
| #include <hunspell.h>
configure:17357: result: no
configure:17357: checking for hunspell.h
configure:17357: result: no
configure:17409: checking locale.h usability
configure:17409: gcc -c -g -O2 -O3 -std=c99 -D_BSD_SOURCE -D_SVID_SOURCE -D_GNU_SOURCE -D_DEFAULT_SOURCE  -DUSE_SAT_SOLVER=1 -DHAVE_SQLITE=1 conftest.c >&5
configure:17409: $? = 0
configure:17409: result: yes
configure:17409: checking locale.h presence
configure:17409: gcc -E  -DUSE_SAT_SOLVER=1 -DHAVE_SQLITE=1 conftest.c
configure:17409: $? = 0
configure:17409: result: yes
configure:17409: checking for locale.h
configure:17409: result: yes
configure:17420: checking for LC_MESSAGES
configure:17436: gcc -o conftest -g -O2 -O3 -std=c99 -D_BSD_SOURCE -D_SVID_SOURCE -D_GNU_SOURCE -D_DEFAULT_SOURCE  -DUSE_SAT_SOLVER=1 -DHAVE_SQLITE=1  conftest.c  >&5
configure:17436: $? = 0
configure:17444: result: yes
configure:17469: checking for LIBEDIT
configure:17476: $PKG_CONFIG --exists --print-errors "libedit"
Package libedit was not found in the pkg-config search path.
Perhaps you should add the directory containing `libedit.pc'
to the PKG_CONFIG_PATH environment variable
No package 'libedit' found
configure:17479: $? = 1
configure:17493: $PKG_CONFIG --exists --print-errors "libedit"
Package libedit was not found in the pkg-config search path.
Perhaps you should add the directory containing `libedit.pc'
to the PKG_CONFIG_PATH environment variable
No package 'libedit' found
configure:17496: $? = 1
configure:17510: result: no
No package 'libedit' found
configure:17814: checking regex.h usability
configure:17814: gcc -c -g -O2 -O3 -std=c99 -D_BSD_SOURCE -D_SVID_SOURCE -D_GNU_SOURCE -D_DEFAULT_SOURCE  -DUSE_SAT_SOLVER=1 -DHAVE_SQLITE=1 conftest.c >&5
configure:17814: $? = 0
configure:17814: result: yes
configure:17814: checking regex.h presence
configure:17814: gcc -E  -DUSE_SAT_SOLVER=1 -DHAVE_SQLITE=1 conftest.c
configure:17814: $? = 0
configure:17814: result: yes
configure:17814: checking for regex.h
configure:17814: result: yes
configure:17825: checking for regexec
configure:17825: gcc -o conftest -g -O2 -O3 -std=c99 -D_BSD_SOURCE -D_SVID_SOURCE -D_GNU_SOURCE -D_DEFAULT_SOURCE  -DUSE_SAT_SOLVER=1 -DHAVE_SQLITE=1  conftest.c  >&5
configure:17825: $? = 0
configure:17825: result: yes
configure:17896: checking for jni.h
configure:17904: gcc -E  -DUSE_SAT_SOLVER=1 -DHAVE_SQLITE=1 conftest.c
conftest.c:36:17: fatal error: jni.h: No such file or directory
compilation terminated.
configure:17904: $? = 1
configure: failed program was:
| /* confdefs.h */
| #define PACKAGE_NAME "link-grammar"
| #define PACKAGE_TARNAME "link-grammar"
| #define PACKAGE_VERSION "5.2.5"
| #define PACKAGE_STRING "link-grammar 5.2.5"
| #define PACKAGE_BUGREPORT "link-grammar@googlegroups.com"
| #define PACKAGE_URL ""
| #define PACKAGE "link-grammar"
| #define VERSION "5.2.5"
| #define STDC_HEADERS 1
| #define HAVE_SYS_TYPES_H 1
| #define HAVE_SYS_STAT_H 1
| #define HAVE_STDLIB_H 1
| #define HAVE_STRING_H 1
| #define HAVE_MEMORY_H 1
| #define HAVE_STRINGS_H 1
| #define HAVE_INTTYPES_H 1
| #define HAVE_STDINT_H 1
| #define HAVE_UNISTD_H 1
| #define HAVE_DLFCN_H 1
| #define LT_OBJDIR ".libs/"
| #define STDC_HEADERS 1
| #define HAVE_TOWUPPER 1
| #define HAVE_ALLOCA_H 1
| #define HAVE_ALLOCA 1
| #define HAVE_FORK 1
| #define HAVE_VFORK 1
| #define HAVE_WORKING_VFORK 1
| #define HAVE_WORKING_FORK 1
| #define HAVE_PRCTL 1
| #define DEBUG_MEMORY 0
| #define HAVE_LOCALE_H 1
| #define HAVE_LC_MESSAGES 1
| #define HAVE_REGEXEC 1
| /* end confdefs.h.  */
| #include <jni.h>
configure:17909: WARNING: cannot find jni.h in standard location.
configure:17929: checking for jni.h in user-specified location
configure:17937: gcc -E  -DUSE_SAT_SOLVER=1 -DHAVE_SQLITE=1           -I /usr/lib/jvm/java/include          -I /usr/lib/jvm/java/include/freebsd          -I /usr/lib/jvm/java/include/linux          -I /usr/lib/jvm/java/include/win32          -I /usr/lib/jvm/java/Headers          -I /include          -I /include/freebsd          -I /include/linux          -I /include/win32          -I /Headers conftest.c
configure:17937: $? = 0
configure:17938: result: yes, will build java libs
configure:18017: checking for ant
configure:18033: found /usr/bin/ant
configure:18045: result: yes
configure:18095: checking for swig
configure:18128: result: no
configure:18095: checking for swig2.0
configure:18128: result: no
configure:18209: checking for swig
configure:18237: result: no
configure:18268: result: /usr/lib64/perl5
configure:18279: result: /usr/local/lib64/perl5
configure:18285: checking EXTERN.h usability
configure:18285: gcc -c -g -O2 -O3 -std=c99 -D_BSD_SOURCE -D_SVID_SOURCE -D_GNU_SOURCE -D_DEFAULT_SOURCE  -DUSE_SAT_SOLVER=1 -DHAVE_SQLITE=1           -I /usr/lib/jvm/java/include          -I /usr/lib/jvm/java/include/freebsd          -I /usr/lib/jvm/java/include/linux          -I /usr/lib/jvm/java/include/win32          -I /usr/lib/jvm/java/Headers          -I /include          -I /include/freebsd          -I /include/linux          -I /include/win32          -I /Headers -I/usr/lib64/perl5 -I/usr/lib64/perl5/CORE conftest.c >&5
configure:18285: $? = 0
configure:18285: result: yes
configure:18285: checking EXTERN.h presence
configure:18285: gcc -E  -DUSE_SAT_SOLVER=1 -DHAVE_SQLITE=1           -I /usr/lib/jvm/java/include          -I /usr/lib/jvm/java/include/freebsd          -I /usr/lib/jvm/java/include/linux          -I /usr/lib/jvm/java/include/win32          -I /usr/lib/jvm/java/Headers          -I /include          -I /include/freebsd          -I /include/linux          -I /include/win32          -I /Headers -I/usr/lib64/perl5 -I/usr/lib64/perl5/CORE conftest.c
configure:18285: $? = 0
configure:18285: result: yes
configure:18285: checking for EXTERN.h
configure:18285: result: yes
configure:18960: checking for supported warning flags
configure:18983: checking whether gcc supports -Wstrict-prototypes
configure:18993: gcc -c -g -O2 -O3 -std=c99 -D_BSD_SOURCE -D_SVID_SOURCE -D_GNU_SOURCE -D_DEFAULT_SOURCE -Wstrict-prototypes  -DUSE_SAT_SOLVER=1 -DHAVE_SQLITE=1           -I /usr/lib/jvm/java/include          -I /usr/lib/jvm/java/include/freebsd          -I /usr/lib/jvm/java/include/linux          -I /usr/lib/jvm/java/include/win32          -I /usr/lib/jvm/java/Headers          -I /include          -I /include/freebsd          -I /include/linux          -I /include/win32          -I /Headers conftest.c >&5
configure:18993: $? = 0
configure:19006: result: yes
configure:18983: checking whether gcc supports -Wmissing-prototypes
configure:18993: gcc -c -g -O2 -O3 -std=c99 -D_BSD_SOURCE -D_SVID_SOURCE -D_GNU_SOURCE -D_DEFAULT_SOURCE -Wmissing-prototypes  -DUSE_SAT_SOLVER=1 -DHAVE_SQLITE=1           -I /usr/lib/jvm/java/include          -I /usr/lib/jvm/java/include/freebsd          -I /usr/lib/jvm/java/include/linux          -I /usr/lib/jvm/java/include/win32          -I /usr/lib/jvm/java/Headers          -I /include          -I /include/freebsd          -I /include/linux          -I /include/win32          -I /Headers conftest.c >&5
configure:18993: $? = 0
configure:19006: result: yes
configure:18983: checking whether gcc supports -Wnested-externs
configure:18993: gcc -c -g -O2 -O3 -std=c99 -D_BSD_SOURCE -D_SVID_SOURCE -D_GNU_SOURCE -D_DEFAULT_SOURCE -Wnested-externs  -DUSE_SAT_SOLVER=1 -DHAVE_SQLITE=1           -I /usr/lib/jvm/java/include          -I /usr/lib/jvm/java/include/freebsd          -I /usr/lib/jvm/java/include/linux          -I /usr/lib/jvm/java/include/win32          -I /usr/lib/jvm/java/Headers          -I /include          -I /include/freebsd          -I /include/linux          -I /include/win32          -I /Headers conftest.c >&5
configure:18993: $? = 0
configure:19006: result: yes
configure:18983: checking whether gcc supports -Wdeclaration-after-statement
configure:18993: gcc -c -g -O2 -O3 -std=c99 -D_BSD_SOURCE -D_SVID_SOURCE -D_GNU_SOURCE -D_DEFAULT_SOURCE -Wdeclaration-after-statement  -DUSE_SAT_SOLVER=1 -DHAVE_SQLITE=1           -I /usr/lib/jvm/java/include          -I /usr/lib/jvm/java/include/freebsd          -I /usr/lib/jvm/java/include/linux          -I /usr/lib/jvm/java/include/win32          -I /usr/lib/jvm/java/Headers          -I /include          -I /include/freebsd          -I /include/linux          -I /include/win32          -I /Headers conftest.c >&5
configure:18993: $? = 0
configure:19006: result: yes
configure:18983: checking whether gcc supports -Wold-style-definition
configure:18993: gcc -c -g -O2 -O3 -std=c99 -D_BSD_SOURCE -D_SVID_SOURCE -D_GNU_SOURCE -D_DEFAULT_SOURCE -Wold-style-definition  -DUSE_SAT_SOLVER=1 -DHAVE_SQLITE=1           -I /usr/lib/jvm/java/include          -I /usr/lib/jvm/java/include/freebsd          -I /usr/lib/jvm/java/include/linux          -I /usr/lib/jvm/java/include/win32          -I /usr/lib/jvm/java/Headers          -I /include          -I /include/freebsd          -I /include/linux          -I /include/win32          -I /Headers conftest.c >&5
configure:18993: $? = 0
configure:19006: result: yes
configure:19013: checking whether gcc supports -Wall
configure:19023: gcc -c -g -O2 -O3 -std=c99 -D_BSD_SOURCE -D_SVID_SOURCE -D_GNU_SOURCE -D_DEFAULT_SOURCE -Wall  -DUSE_SAT_SOLVER=1 -DHAVE_SQLITE=1           -I /usr/lib/jvm/java/include          -I /usr/lib/jvm/java/include/freebsd          -I /usr/lib/jvm/java/include/linux          -I /usr/lib/jvm/java/include/win32          -I /usr/lib/jvm/java/Headers          -I /include          -I /include/freebsd          -I /include/linux          -I /include/win32          -I /Headers conftest.c >&5
configure:19023: $? = 0
configure:19036: result: yes
configure:19013: checking whether gcc supports -Wextra
configure:19023: gcc -c -g -O2 -O3 -std=c99 -D_BSD_SOURCE -D_SVID_SOURCE -D_GNU_SOURCE -D_DEFAULT_SOURCE -Wextra  -DUSE_SAT_SOLVER=1 -DHAVE_SQLITE=1           -I /usr/lib/jvm/java/include          -I /usr/lib/jvm/java/include/freebsd          -I /usr/lib/jvm/java/include/linux          -I /usr/lib/jvm/java/include/win32          -I /usr/lib/jvm/java/Headers          -I /include          -I /include/freebsd          -I /include/linux          -I /include/win32          -I /Headers conftest.c >&5
configure:19023: $? = 0
configure:19036: result: yes
configure:19013: checking whether gcc supports -Wsign-compare
configure:19023: gcc -c -g -O2 -O3 -std=c99 -D_BSD_SOURCE -D_SVID_SOURCE -D_GNU_SOURCE -D_DEFAULT_SOURCE -Wsign-compare  -DUSE_SAT_SOLVER=1 -DHAVE_SQLITE=1           -I /usr/lib/jvm/java/include          -I /usr/lib/jvm/java/include/freebsd          -I /usr/lib/jvm/java/include/linux          -I /usr/lib/jvm/java/include/win32          -I /usr/lib/jvm/java/Headers          -I /include          -I /include/freebsd          -I /include/linux          -I /include/win32          -I /Headers conftest.c >&5
configure:19023: $? = 0
configure:19036: result: yes
configure:19013: checking whether gcc supports -Werror-implicit-function-declaration
configure:19023: gcc -c -g -O2 -O3 -std=c99 -D_BSD_SOURCE -D_SVID_SOURCE -D_GNU_SOURCE -D_DEFAULT_SOURCE -Werror-implicit-function-declaration  -DUSE_SAT_SOLVER=1 -DHAVE_SQLITE=1           -I /usr/lib/jvm/java/include          -I /usr/lib/jvm/java/include/freebsd          -I /usr/lib/jvm/java/include/linux          -I /usr/lib/jvm/java/include/win32          -I /usr/lib/jvm/java/Headers          -I /include          -I /include/freebsd          -I /include/linux          -I /include/win32          -I /Headers conftest.c >&5
configure:19023: $? = 0
configure:19036: result: yes
configure:19013: checking whether gcc supports -Wpointer-arith
configure:19023: gcc -c -g -O2 -O3 -std=c99 -D_BSD_SOURCE -D_SVID_SOURCE -D_GNU_SOURCE -D_DEFAULT_SOURCE -Wpointer-arith  -DUSE_SAT_SOLVER=1 -DHAVE_SQLITE=1           -I /usr/lib/jvm/java/include          -I /usr/lib/jvm/java/include/freebsd          -I /usr/lib/jvm/java/include/linux          -I /usr/lib/jvm/java/include/win32          -I /usr/lib/jvm/java/Headers          -I /include          -I /include/freebsd          -I /include/linux          -I /include/win32          -I /Headers conftest.c >&5
configure:19023: $? = 0
configure:19036: result: yes
configure:19013: checking whether gcc supports -Wwrite-strings
configure:19023: gcc -c -g -O2 -O3 -std=c99 -D_BSD_SOURCE -D_SVID_SOURCE -D_GNU_SOURCE -D_DEFAULT_SOURCE -Wwrite-strings  -DUSE_SAT_SOLVER=1 -DHAVE_SQLITE=1           -I /usr/lib/jvm/java/include          -I /usr/lib/jvm/java/include/freebsd          -I /usr/lib/jvm/java/include/linux          -I /usr/lib/jvm/java/include/win32          -I /usr/lib/jvm/java/Headers          -I /include          -I /include/freebsd          -I /include/linux          -I /include/win32          -I /Headers conftest.c >&5
configure:19023: $? = 0
configure:19036: result: yes
configure:19013: checking whether gcc supports -Wmissing-declarations
configure:19023: gcc -c -g -O2 -O3 -std=c99 -D_BSD_SOURCE -D_SVID_SOURCE -D_GNU_SOURCE -D_DEFAULT_SOURCE -Wmissing-declarations  -DUSE_SAT_SOLVER=1 -DHAVE_SQLITE=1           -I /usr/lib/jvm/java/include          -I /usr/lib/jvm/java/include/freebsd          -I /usr/lib/jvm/java/include/linux          -I /usr/lib/jvm/java/include/win32          -I /usr/lib/jvm/java/Headers          -I /include          -I /include/freebsd          -I /include/linux          -I /include/win32          -I /Headers conftest.c >&5
configure:19023: $? = 0
configure:19036: result: yes
configure:19013: checking whether gcc supports -Wpacked
configure:19023: gcc -c -g -O2 -O3 -std=c99 -D_BSD_SOURCE -D_SVID_SOURCE -D_GNU_SOURCE -D_DEFAULT_SOURCE -Wpacked  -DUSE_SAT_SOLVER=1 -DHAVE_SQLITE=1           -I /usr/lib/jvm/java/include          -I /usr/lib/jvm/java/include/freebsd          -I /usr/lib/jvm/java/include/linux          -I /usr/lib/jvm/java/include/win32          -I /usr/lib/jvm/java/Headers          -I /include          -I /include/freebsd          -I /include/linux          -I /include/win32          -I /Headers conftest.c >&5
configure:19023: $? = 0
configure:19036: result: yes
configure:19013: checking whether gcc supports -Wswitch-enum
configure:19023: gcc -c -g -O2 -O3 -std=c99 -D_BSD_SOURCE -D_SVID_SOURCE -D_GNU_SOURCE -D_DEFAULT_SOURCE -Wswitch-enum  -DUSE_SAT_SOLVER=1 -DHAVE_SQLITE=1           -I /usr/lib/jvm/java/include          -I /usr/lib/jvm/java/include/freebsd          -I /usr/lib/jvm/java/include/linux          -I /usr/lib/jvm/java/include/win32          -I /usr/lib/jvm/java/Headers          -I /include          -I /include/freebsd          -I /include/linux          -I /include/win32          -I /Headers conftest.c >&5
configure:19023: $? = 0
configure:19036: result: yes
configure:19013: checking whether gcc supports -Wmissing-format-attribute
configure:19023: gcc -c -g -O2 -O3 -std=c99 -D_BSD_SOURCE -D_SVID_SOURCE -D_GNU_SOURCE -D_DEFAULT_SOURCE -Wmissing-format-attribute  -DUSE_SAT_SOLVER=1 -DHAVE_SQLITE=1           -I /usr/lib/jvm/java/include          -I /usr/lib/jvm/java/include/freebsd          -I /usr/lib/jvm/java/include/linux          -I /usr/lib/jvm/java/include/win32          -I /usr/lib/jvm/java/Headers          -I /include          -I /include/freebsd          -I /include/linux          -I /include/win32          -I /Headers conftest.c >&5
configure:19023: $? = 0
configure:19036: result: yes
configure:19013: checking whether gcc supports -Wstrict-aliasing=2
configure:19023: gcc -c -g -O2 -O3 -std=c99 -D_BSD_SOURCE -D_SVID_SOURCE -D_GNU_SOURCE -D_DEFAULT_SOURCE -Wstrict-aliasing=2  -DUSE_SAT_SOLVER=1 -DHAVE_SQLITE=1           -I /usr/lib/jvm/java/include          -I /usr/lib/jvm/java/include/freebsd          -I /usr/lib/jvm/java/include/linux          -I /usr/lib/jvm/java/include/win32          -I /usr/lib/jvm/java/Headers          -I /include          -I /include/freebsd          -I /include/linux          -I /include/win32          -I /Headers conftest.c >&5
configure:19023: $? = 0
configure:19036: result: yes
configure:19013: checking whether gcc supports -Winit-self
configure:19023: gcc -c -g -O2 -O3 -std=c99 -D_BSD_SOURCE -D_SVID_SOURCE -D_GNU_SOURCE -D_DEFAULT_SOURCE -Winit-self  -DUSE_SAT_SOLVER=1 -DHAVE_SQLITE=1           -I /usr/lib/jvm/java/include          -I /usr/lib/jvm/java/include/freebsd          -I /usr/lib/jvm/java/include/linux          -I /usr/lib/jvm/java/include/win32          -I /usr/lib/jvm/java/Headers          -I /include          -I /include/freebsd          -I /include/linux          -I /include/win32          -I /Headers conftest.c >&5
configure:19023: $? = 0
configure:19036: result: yes
configure:19013: checking whether gcc supports -Wno-missing-field-initializers
configure:19023: gcc -c -g -O2 -O3 -std=c99 -D_BSD_SOURCE -D_SVID_SOURCE -D_GNU_SOURCE -D_DEFAULT_SOURCE -Wno-missing-field-initializers  -DUSE_SAT_SOLVER=1 -DHAVE_SQLITE=1           -I /usr/lib/jvm/java/include          -I /usr/lib/jvm/java/include/freebsd          -I /usr/lib/jvm/java/include/linux          -I /usr/lib/jvm/java/include/win32          -I /usr/lib/jvm/java/Headers          -I /include          -I /include/freebsd          -I /include/linux          -I /include/win32          -I /Headers conftest.c >&5
configure:19023: $? = 0
configure:19036: result: yes
configure:19013: checking whether gcc supports -Wno-unused-parameter
configure:19023: gcc -c -g -O2 -O3 -std=c99 -D_BSD_SOURCE -D_SVID_SOURCE -D_GNU_SOURCE -D_DEFAULT_SOURCE -Wno-unused-parameter  -DUSE_SAT_SOLVER=1 -DHAVE_SQLITE=1           -I /usr/lib/jvm/java/include          -I /usr/lib/jvm/java/include/freebsd          -I /usr/lib/jvm/java/include/linux          -I /usr/lib/jvm/java/include/win32          -I /usr/lib/jvm/java/Headers          -I /include          -I /include/freebsd          -I /include/linux          -I /include/win32          -I /Headers conftest.c >&5
configure:19023: $? = 0
configure:19036: result: yes
configure:19013: checking whether gcc supports -Wno-attributes
configure:19023: gcc -c -g -O2 -O3 -std=c99 -D_BSD_SOURCE -D_SVID_SOURCE -D_GNU_SOURCE -D_DEFAULT_SOURCE -Wno-attributes  -DUSE_SAT_SOLVER=1 -DHAVE_SQLITE=1           -I /usr/lib/jvm/java/include          -I /usr/lib/jvm/java/include/freebsd          -I /usr/lib/jvm/java/include/linux          -I /usr/lib/jvm/java/include/win32          -I /usr/lib/jvm/java/Headers          -I /include          -I /include/freebsd          -I /include/linux          -I /include/win32          -I /Headers conftest.c >&5
configure:19023: $? = 0
configure:19036: result: yes
configure:19013: checking whether gcc supports -Wno-long-long
configure:19023: gcc -c -g -O2 -O3 -std=c99 -D_BSD_SOURCE -D_SVID_SOURCE -D_GNU_SOURCE -D_DEFAULT_SOURCE -Wno-long-long  -DUSE_SAT_SOLVER=1 -DHAVE_SQLITE=1           -I /usr/lib/jvm/java/include          -I /usr/lib/jvm/java/include/freebsd          -I /usr/lib/jvm/java/include/linux          -I /usr/lib/jvm/java/include/win32          -I /usr/lib/jvm/java/Headers          -I /include          -I /include/freebsd          -I /include/linux          -I /include/win32          -I /Headers conftest.c >&5
configure:19023: $? = 0
configure:19036: result: yes
configure:19013: checking whether gcc supports -Winline
configure:19023: gcc -c -g -O2 -O3 -std=c99 -D_BSD_SOURCE -D_SVID_SOURCE -D_GNU_SOURCE -D_DEFAULT_SOURCE -Winline  -DUSE_SAT_SOLVER=1 -DHAVE_SQLITE=1           -I /usr/lib/jvm/java/include          -I /usr/lib/jvm/java/include/freebsd          -I /usr/lib/jvm/java/include/linux          -I /usr/lib/jvm/java/include/win32          -I /usr/lib/jvm/java/Headers          -I /include          -I /include/freebsd          -I /include/linux          -I /include/win32          -I /Headers conftest.c >&5
configure:19023: $? = 0
configure:19036: result: yes
configure:19044: checking which warning flags were supported
configure:19047: result:  -Wstrict-prototypes -Wmissing-prototypes -Wnested-externs -Wdeclaration-after-statement -Wold-style-definition
configure:19057: checking whether gcc supports -fno-strict-aliasing
configure:19067: gcc -c -g -O2 -O3 -std=c99 -D_BSD_SOURCE -D_SVID_SOURCE -D_GNU_SOURCE -D_DEFAULT_SOURCE -fno-strict-aliasing  -DUSE_SAT_SOLVER=1 -DHAVE_SQLITE=1           -I /usr/lib/jvm/java/include          -I /usr/lib/jvm/java/include/freebsd          -I /usr/lib/jvm/java/include/linux          -I /usr/lib/jvm/java/include/win32          -I /usr/lib/jvm/java/Headers          -I /include          -I /include/freebsd          -I /include/linux          -I /include/win32          -I /Headers conftest.c >&5
configure:19067: $? = 0
configure:19080: result: yes
configure:19239: checking that generated files are newer than configure
configure:19245: result: done
configure:19384: creating ./config.status

## ---------------------- ##
## Running config.status. ##
## ---------------------- ##

This file was extended by link-grammar config.status 5.2.5, which was
generated by GNU Autoconf 2.69.  Invocation command line was

  CONFIG_FILES    = 
  CONFIG_HEADERS  = 
  CONFIG_LINKS    = 
  CONFIG_COMMANDS = 
  $ ./config.status 

on vrici.digitalkingdom.org

config.status:1202: creating Makefile
config.status:1202: creating link-grammar.pc
config.status:1202: creating link-grammar.spec
config.status:1202: creating link-grammar/Makefile
config.status:1202: creating link-grammar/corpus/Makefile
config.status:1202: creating link-grammar/minisat/Makefile
config.status:1202: creating link-grammar/sat-solver/Makefile
config.status:1202: creating link-grammar/link-features.h
config.status:1202: creating bindings/Makefile
config.status:1202: creating bindings/java-jni/Makefile
config.status:1202: creating bindings/java/Makefile
config.status:1202: creating bindings/java/build.xml
config.status:1202: creating bindings/ocaml/Makefile
config.status:1202: creating bindings/perl/Makefile
config.status:1202: creating bindings/python/Makefile
config.status:1202: creating bindings/python/__init__.py
config.status:1202: creating bindings/python-examples/Makefile
config.status:1202: creating morphology/Makefile
config.status:1202: creating link-parser/Makefile
config.status:1202: creating tests/Makefile
config.status:1202: creating data/Makefile
config.status:1202: creating data/amy/Makefile
config.status:1202: creating data/any/Makefile
config.status:1202: creating data/ar/Makefile
config.status:1202: creating data/ar/words/Makefile
config.status:1202: creating data/de/Makefile
config.status:1202: creating data/en/Makefile
config.status:1202: creating data/en/words/Makefile
config.status:1202: creating data/fa/Makefile
config.status:1202: creating data/fa/words/Makefile
config.status:1202: creating data/he/Makefile
config.status:1202: creating data/id/Makefile
config.status:1202: creating data/lt/Makefile
config.status:1202: creating data/ru/Makefile
config.status:1202: creating data/ru/words/Makefile
config.status:1202: creating data/tr/Makefile
config.status:1202: creating data/demo-sql/Makefile
config.status:1202: creating man/Makefile
config.status:1202: creating autopackage/default.apspec
config.status:1202: creating link-grammar.xcode/Makefile
config.status:1202: creating viterbi/Makefile
config.status:1374: executing depfiles commands
config.status:1374: executing libtool commands

## ---------------- ##
## Cache variables. ##
## ---------------- ##

ac_cv_build=x86_64-unknown-linux-gnu
ac_cv_c_compiler_gnu=yes
ac_cv_c_const=yes
ac_cv_cxx_compiler_gnu=yes
ac_cv_env_ASPELL_CFLAGS_set=
ac_cv_env_ASPELL_CFLAGS_value=
ac_cv_env_ASPELL_LIBS_set=
ac_cv_env_ASPELL_LIBS_value=
ac_cv_env_CCC_set=
ac_cv_env_CCC_value=
ac_cv_env_CC_set=
ac_cv_env_CC_value=
ac_cv_env_CFLAGS_set=
ac_cv_env_CFLAGS_value=
ac_cv_env_CPPFLAGS_set=
ac_cv_env_CPPFLAGS_value=
ac_cv_env_CPP_set=
ac_cv_env_CPP_value=
ac_cv_env_CXXCPP_set=
ac_cv_env_CXXCPP_value=
ac_cv_env_CXXFLAGS_set=
ac_cv_env_CXXFLAGS_value=
ac_cv_env_CXX_set=
ac_cv_env_CXX_value=
ac_cv_env_HUNSPELL_CFLAGS_set=
ac_cv_env_HUNSPELL_CFLAGS_value=
ac_cv_env_HUNSPELL_LIBS_set=
ac_cv_env_HUNSPELL_LIBS_value=
ac_cv_env_LDFLAGS_set=
ac_cv_env_LDFLAGS_value=
ac_cv_env_LIBEDIT_CFLAGS_set=
ac_cv_env_LIBEDIT_CFLAGS_value=
ac_cv_env_LIBEDIT_LIBS_set=
ac_cv_env_LIBEDIT_LIBS_value=
ac_cv_env_LIBGC_CFLAGS_set=
ac_cv_env_LIBGC_CFLAGS_value=
ac_cv_env_LIBGC_LIBS_set=
ac_cv_env_LIBGC_LIBS_value=
ac_cv_env_LIBS_set=
ac_cv_env_LIBS_value=
ac_cv_env_PKG_CONFIG_LIBDIR_set=
ac_cv_env_PKG_CONFIG_LIBDIR_value=
ac_cv_env_PKG_CONFIG_PATH_set=
ac_cv_env_PKG_CONFIG_PATH_value=
ac_cv_env_PKG_CONFIG_set=
ac_cv_env_PKG_CONFIG_value=
ac_cv_env_PYTHON_VERSION_set=
ac_cv_env_PYTHON_VERSION_value=
ac_cv_env_PYTHON_set=
ac_cv_env_PYTHON_value=
ac_cv_env_SQLITE3_CFLAGS_set=
ac_cv_env_SQLITE3_CFLAGS_value=
ac_cv_env_SQLITE3_LIBS_set=
ac_cv_env_SQLITE3_LIBS_value=
ac_cv_env_build_alias_set=
ac_cv_env_build_alias_value=
ac_cv_env_host_alias_set=
ac_cv_env_host_alias_value=
ac_cv_env_target_alias_set=
ac_cv_env_target_alias_value=
ac_cv_file__proc_self_maps=yes
ac_cv_func_alloca_works=yes
ac_cv_func_fork=yes
ac_cv_func_fork_works=yes
ac_cv_func_prctl=yes
ac_cv_func_regexec=yes
ac_cv_func_towupper=yes
ac_cv_func_vfork=yes
ac_cv_func_vfork_works=yes
ac_cv_header_EXTERN_h=yes
ac_cv_header_aspell_h=no
ac_cv_header_dlfcn_h=yes
ac_cv_header_hunspell_h=no
ac_cv_header_inttypes_h=yes
ac_cv_header_locale_h=yes
ac_cv_header_memory_h=yes
ac_cv_header_regex_h=yes
ac_cv_header_sqlite3_h=yes
ac_cv_header_stdc=yes
ac_cv_header_stdint_h=yes
ac_cv_header_stdio_h=yes
ac_cv_header_stdlib_h=yes
ac_cv_header_string_h=yes
ac_cv_header_strings_h=yes
ac_cv_header_sys_stat_h=yes
ac_cv_header_sys_types_h=yes
ac_cv_header_unistd_h=yes
ac_cv_header_vfork_h=no
ac_cv_host=x86_64-unknown-linux-gnu
ac_cv_lib_aspell_new_aspell_config=no
ac_cv_objext=o
ac_cv_path_EGREP='/usr/bin/grep -E'
ac_cv_path_FGREP='/usr/bin/grep -F'
ac_cv_path_GREP=/usr/bin/grep
ac_cv_path_SED=/usr/bin/sed
ac_cv_path_ac_pt_PKG_CONFIG=/usr/bin/pkg-config
ac_cv_path_install='/usr/bin/install -c'
ac_cv_path_mkdir=/usr/bin/mkdir
ac_cv_prog_ANTfound=yes
ac_cv_prog_AWK=gawk
ac_cv_prog_CPP='gcc -E'
ac_cv_prog_CXXCPP='g++ -E'
ac_cv_prog_SWIGfound=no
ac_cv_prog_ac_ct_AR=ar
ac_cv_prog_ac_ct_CC=gcc
ac_cv_prog_ac_ct_CXX=g++
ac_cv_prog_ac_ct_OBJDUMP=objdump
ac_cv_prog_ac_ct_RANLIB=ranlib
ac_cv_prog_ac_ct_STRIP=strip
ac_cv_prog_cc_c89=
ac_cv_prog_cc_g=yes
ac_cv_prog_cxx_g=yes
ac_cv_prog_make_make_set=yes
ac_cv_type_pid_t=yes
ac_cv_type_size_t=yes
ac_cv_working_alloca_h=yes
am_cv_CC_dependencies_compiler_type=gcc3
am_cv_CXX_dependencies_compiler_type=gcc3
am_cv_make_support_nested_variables=yes
am_cv_prog_cc_c_o=yes
am_cv_val_LC_MESSAGES=yes
br_cv_binreloc=no
br_cv_valid_prefixes=no
link_cv_warn_cflags=' -Wstrict-prototypes -Wmissing-prototypes -Wnested-externs -Wdeclaration-after-statement -Wold-style-definition'
link_cv_warn_cxxflags=' -Wall -Wextra -Wsign-compare -Werror-implicit-function-declaration -Wpointer-arith -Wwrite-strings -Wmissing-declarations -Wpacked -Wswitch-enum -Wmissing-format-attribute -Wstrict-aliasing=2 -Winit-self -Wno-missing-field-initializers -Wno-unused-parameter -Wno-attributes -Wno-long-long -Winline'
lt_cv_ar_at_file=@
lt_cv_archive_cmds_need_lc=no
lt_cv_deplibs_check_method=pass_all
lt_cv_file_magic_cmd='$MAGIC_CMD'
lt_cv_file_magic_test_file=
lt_cv_ld_reload_flag=-r
lt_cv_nm_interface='BSD nm'
lt_cv_objdir=.libs
lt_cv_path_LD=/usr/bin/ld
lt_cv_path_LDCXX='/usr/bin/ld -m elf_x86_64'
lt_cv_path_NM='/usr/bin/nm -B'
lt_cv_path_mainfest_tool=no
lt_cv_prog_compiler_c_o=yes
lt_cv_prog_compiler_c_o_CXX=yes
lt_cv_prog_compiler_pic='-fPIC -DPIC'
lt_cv_prog_compiler_pic_CXX='-fPIC -DPIC'
lt_cv_prog_compiler_pic_works=yes
lt_cv_prog_compiler_pic_works_CXX=yes
lt_cv_prog_compiler_rtti_exceptions=no
lt_cv_prog_compiler_static_works=no
lt_cv_prog_compiler_static_works_CXX=no
lt_cv_prog_gnu_ld=yes
lt_cv_prog_gnu_ldcxx=yes
lt_cv_sharedlib_from_linklib_cmd='printf %s\n'
lt_cv_shlibpath_overrides_runpath=no
lt_cv_sys_global_symbol_pipe='sed -n -e '\''s/^.*[	 ]\([ABCDGIRSTW][ABCDGIRSTW]*\)[	 ][	 ]*\([_A-Za-z][_A-Za-z0-9]*\)$/\1 \2 \2/p'\'' | sed '\''/ __gnu_lto/d'\'''
lt_cv_sys_global_symbol_to_c_name_address='sed -n -e '\''s/^: \([^ ]*\)[ ]*$/  {\"\1\", (void *) 0},/p'\'' -e '\''s/^[ABCDGIRSTW]* \([^ ]*\) \([^ ]*\)$/  {"\2", (void *) \&\2},/p'\'''
lt_cv_sys_global_symbol_to_c_name_address_lib_prefix='sed -n -e '\''s/^: \([^ ]*\)[ ]*$/  {\"\1\", (void *) 0},/p'\'' -e '\''s/^[ABCDGIRSTW]* \([^ ]*\) \(lib[^ ]*\)$/  {"\2", (void *) \&\2},/p'\'' -e '\''s/^[ABCDGIRSTW]* \([^ ]*\) \([^ ]*\)$/  {"lib\2", (void *) \&\2},/p'\'''
lt_cv_sys_global_symbol_to_cdecl='sed -n -e '\''s/^T .* \(.*\)$/extern int \1();/p'\'' -e '\''s/^[ABCDGIRSTW]* .* \(.*\)$/extern char \1;/p'\'''
lt_cv_sys_max_cmd_len=1572864
lt_cv_to_host_file_cmd=func_convert_file_noop
lt_cv_to_tool_file_cmd=func_convert_file_noop
pkg_cv_SQLITE3_CFLAGS=
pkg_cv_SQLITE3_LIBS='-lsqlite3 '

## ----------------- ##
## Output variables. ##
## ----------------- ##

ACLOCAL='${SHELL} /home/gleki/link-grammar-5.2.5/missing aclocal-1.14'
ALLOCA=''
AMDEPBACKSLASH='\'
AMDEP_FALSE='#'
AMDEP_TRUE=''
AMTAR='$${TAR-tar}'
AM_BACKSLASH='\'
AM_DEFAULT_V='$(AM_DEFAULT_VERBOSITY)'
AM_DEFAULT_VERBOSITY='0'
AM_V='$(V)'
ANTfound='yes'
AR='ar'
ASPELL_CFLAGS=''
ASPELL_LIBS=''
AUTOCONF='${SHELL} /home/gleki/link-grammar-5.2.5/missing autoconf'
AUTOHEADER='${SHELL} /home/gleki/link-grammar-5.2.5/missing autoheader'
AUTOMAKE='${SHELL} /home/gleki/link-grammar-5.2.5/missing automake-1.14'
AWK='gawk'
BINRELOC_CFLAGS=''
BINRELOC_LIBS=''
CC='gcc'
CCDEPMODE='depmode=gcc3'
CFLAGS='-g -O2 -O3 -std=c99 -D_BSD_SOURCE -D_SVID_SOURCE -D_GNU_SOURCE -D_DEFAULT_SOURCE'
CPP='gcc -E'
CPPFLAGS=' -DUSE_SAT_SOLVER=1 -DHAVE_SQLITE=1           -I /usr/lib/jvm/java/include          -I /usr/lib/jvm/java/include/freebsd          -I /usr/lib/jvm/java/include/linux          -I /usr/lib/jvm/java/include/win32          -I /usr/lib/jvm/java/Headers          -I /include          -I /include/freebsd          -I /include/linux          -I /include/win32          -I /Headers'
CXX='g++'
CXXCPP='g++ -E'
CXXDEPMODE='depmode=gcc3'
CXXFLAGS='-g -O2 -O3 -Wall -std=c++03'
CYGPATH_W='echo'
DEFS='-DPACKAGE_NAME=\"link-grammar\" -DPACKAGE_TARNAME=\"link-grammar\" -DPACKAGE_VERSION=\"5.2.5\" -DPACKAGE_STRING=\"link-grammar\ 5.2.5\" -DPACKAGE_BUGREPORT=\"link-grammar@googlegroups.com\" -DPACKAGE_URL=\"\" -DPACKAGE=\"link-grammar\" -DVERSION=\"5.2.5\" -DSTDC_HEADERS=1 -DHAVE_SYS_TYPES_H=1 -DHAVE_SYS_STAT_H=1 -DHAVE_STDLIB_H=1 -DHAVE_STRING_H=1 -DHAVE_MEMORY_H=1 -DHAVE_STRINGS_H=1 -DHAVE_INTTYPES_H=1 -DHAVE_STDINT_H=1 -DHAVE_UNISTD_H=1 -DHAVE_DLFCN_H=1 -DLT_OBJDIR=\".libs/\" -DSTDC_HEADERS=1 -DHAVE_TOWUPPER=1 -DHAVE_ALLOCA_H=1 -DHAVE_ALLOCA=1 -DHAVE_FORK=1 -DHAVE_VFORK=1 -DHAVE_WORKING_VFORK=1 -DHAVE_WORKING_FORK=1 -DHAVE_PRCTL=1 -DDEBUG_MEMORY=0 -DHAVE_LOCALE_H=1 -DHAVE_LC_MESSAGES=1 -DHAVE_REGEXEC=1'
DEPDIR='.deps'
DLLTOOL='false'
DSYMUTIL=''
DUMPBIN=''
ECHO_C=''
ECHO_N='-n'
ECHO_T=''
EGREP='/usr/bin/grep -E'
EXEEXT=''
FGREP='/usr/bin/grep -F'
GREP='/usr/bin/grep'
HAVE_ANT_FALSE='#'
HAVE_ANT_TRUE=''
HAVE_ASPELL_FALSE=''
HAVE_ASPELL_TRUE='#'
HAVE_EDITLINE_FALSE=''
HAVE_EDITLINE_TRUE='#'
HAVE_HUNSPELL_FALSE=''
HAVE_HUNSPELL_TRUE='#'
HAVE_JAVA_FALSE='#'
HAVE_JAVA_TRUE=''
HAVE_PERL_FALSE='#'
HAVE_PERL_TRUE=''
HAVE_PYTHON_FALSE=''
HAVE_PYTHON_TRUE='#'
HAVE_SQLITE_FALSE='#'
HAVE_SQLITE_TRUE=''
HAVE_SWIG_FALSE=''
HAVE_SWIG_TRUE='#'
HAVE_WIDECHAR_EDITLINE_FALSE=''
HAVE_WIDECHAR_EDITLINE_TRUE='#'
HUNSPELL_CFLAGS=''
HUNSPELL_LIBS=''
INSTALL_DATA='${INSTALL} -m 644'
INSTALL_PROGRAM='${INSTALL}'
INSTALL_SCRIPT='${INSTALL}'
INSTALL_STRIP_PROGRAM='$(install_sh) -c -s'
JAVA_CPPFLAGS=''
LD='/usr/bin/ld -m elf_x86_64'
LDFLAGS=''
LIBEDIT_CFLAGS=''
LIBEDIT_LIBS=''
LIBGC_CFLAGS=''
LIBGC_LIBS=''
LIBOBJS=''
LIBS=''
LIBTOOL='$(SHELL) $(top_builddir)/libtool'
LINK_CFLAGS=' -fno-strict-aliasing'
LINK_MAJOR_VERSION='5'
LINK_MICRO_VERSION='5'
LINK_MINOR_VERSION='2'
LIPO=''
LN_S='ln -s'
LTLIBOBJS=''
MAINT=''
MAINTAINER_MODE_FALSE='#'
MAINTAINER_MODE_TRUE=''
MAKEINFO='${SHELL} /home/gleki/link-grammar-5.2.5/missing makeinfo'
MANIFEST_TOOL=':'
MKDIR_P='/usr/bin/mkdir -p'
NM='/usr/bin/nm -B'
NMEDIT=''
OBJDUMP='objdump'
OBJEXT='o'
OS_WIN32_FALSE=''
OS_WIN32_TRUE='#'
OTOOL64=''
OTOOL=''
PACKAGE='link-grammar'
PACKAGE_BUGREPORT='link-grammar@googlegroups.com'
PACKAGE_NAME='link-grammar'
PACKAGE_STRING='link-grammar 5.2.5'
PACKAGE_TARNAME='link-grammar'
PACKAGE_URL=''
PACKAGE_VERSION='5.2.5'
PATH_SEPARATOR=':'
PCRE_CFLAGS=''
PCRE_LIBS=''
PERL_CFLAGS='-I/usr/lib64/perl5 -I/usr/lib64/perl5/CORE'
PERL_EXT_INC='/usr/lib64/perl5'
PERL_EXT_LIB='/usr/local/lib64/perl5'
PKG_CONFIG='/usr/bin/pkg-config'
PKG_CONFIG_LIBDIR=''
PKG_CONFIG_PATH=''
PYTHON=''
PYTHON_CPPFLAGS=''
PYTHON_EXEC_PREFIX=''
PYTHON_EXTRA_LDFLAGS=''
PYTHON_EXTRA_LIBS=''
PYTHON_LDFLAGS=''
PYTHON_PLATFORM=''
PYTHON_PREFIX=''
PYTHON_SITE_PKG=''
PYTHON_VERSION=''
RANLIB='ranlib'
REGEX_LIBS=''
SED='/usr/bin/sed'
SET_MAKE=''
SHELL='/bin/sh'
SQLITE3_CFLAGS=''
SQLITE3_LIBS='-lsqlite3 '
STRIP='strip'
SWIG=''
SWIG_LIB=''
SWIGfound='no'
VERSION='5.2.5'
VERSION_INFO='7:5:2'
WARN_CFLAGS=' -Wstrict-prototypes -Wmissing-prototypes -Wnested-externs -Wdeclaration-after-statement -Wold-style-definition  -Wall -Wextra -Wsign-compare -Werror-implicit-function-declaration -Wpointer-arith -Wwrite-strings -Wmissing-declarations -Wpacked -Wswitch-enum -Wmissing-format-attribute -Wstrict-aliasing=2 -Winit-self -Wno-missing-field-initializers -Wno-unused-parameter -Wno-attributes -Wno-long-long -Winline'
WARN_CXXFLAGS=' -Wall -Wextra -Wsign-compare -Werror-implicit-function-declaration -Wpointer-arith -Wwrite-strings -Wmissing-declarations -Wpacked -Wswitch-enum -Wmissing-format-attribute -Wstrict-aliasing=2 -Winit-self -Wno-missing-field-initializers -Wno-unused-parameter -Wno-attributes -Wno-long-long -Winline'
WITH_ANYSPLIT_FALSE=''
WITH_ANYSPLIT_TRUE='#'
WITH_ASPELL_FALSE='#'
WITH_ASPELL_TRUE=''
WITH_BINRELOC_FALSE=''
WITH_BINRELOC_TRUE='#'
WITH_CORPUS_FALSE=''
WITH_CORPUS_TRUE='#'
WITH_HUNSPELL_FALSE='#'
WITH_HUNSPELL_TRUE=''
WITH_PTHREADS_FALSE=''
WITH_PTHREADS_TRUE='#'
WITH_SAT_SOLVER_FALSE='#'
WITH_SAT_SOLVER_TRUE=''
WITH_VITERBI_FALSE=''
WITH_VITERBI_TRUE='#'
ac_ct_AR='ar'
ac_ct_CC='gcc'
ac_ct_CXX='g++'
ac_ct_DUMPBIN=''
am__EXEEXT_FALSE=''
am__EXEEXT_TRUE='#'
am__fastdepCC_FALSE='#'
am__fastdepCC_TRUE=''
am__fastdepCXX_FALSE='#'
am__fastdepCXX_TRUE=''
am__include='include'
am__isrc=''
am__leading_dot='.'
am__nodep='_no'
am__quote=''
am__tar='$${TAR-tar} chof - "$$tardir"'
am__untar='$${TAR-tar} xf -'
bindir='${exec_prefix}/bin'
build='x86_64-unknown-linux-gnu'
build_alias=''
build_cpu='x86_64'
build_os='linux-gnu'
build_vendor='unknown'
datadir='${datarootdir}'
datarootdir='${prefix}/share'
docdir='${datarootdir}/doc/${PACKAGE_TARNAME}'
dvidir='${docdir}'
exec_prefix='${prefix}'
host='x86_64-unknown-linux-gnu'
host_alias=''
host_cpu='x86_64'
host_os='linux-gnu'
host_vendor='unknown'
htmldir='${docdir}'
includedir='${prefix}/include'
infodir='${datarootdir}/info'
install_sh='${SHELL} /home/gleki/link-grammar-5.2.5/install-sh'
libdir='${exec_prefix}/lib'
libexecdir='${exec_prefix}/libexec'
localedir='${datarootdir}/locale'
localstatedir='${prefix}/var'
mandir='${datarootdir}/man'
mkdir_p='$(MKDIR_P)'
oldincludedir='/usr/include'
pdfdir='${docdir}'
pkgpyexecdir=''
pkgpythondir=''
prefix='/home/gleki/link-grammar-5.2.5'
program_transform_name='s,x,x,'
psdir='${docdir}'
pyexecdir=''
pythondir=''
sbindir='${exec_prefix}/sbin'
sharedstatedir='${prefix}/com'
sysconfdir='${prefix}/etc'
target_alias=''

## ----------- ##
## confdefs.h. ##
## ----------- ##

/* confdefs.h */
#define PACKAGE_NAME "link-grammar"
#define PACKAGE_TARNAME "link-grammar"
#define PACKAGE_VERSION "5.2.5"
#define PACKAGE_STRING "link-grammar 5.2.5"
#define PACKAGE_BUGREPORT "link-grammar@googlegroups.com"
#define PACKAGE_URL ""
#define PACKAGE "link-grammar"
#define VERSION "5.2.5"
#define STDC_HEADERS 1
#define HAVE_SYS_TYPES_H 1
#define HAVE_SYS_STAT_H 1
#define HAVE_STDLIB_H 1
#define HAVE_STRING_H 1
#define HAVE_MEMORY_H 1
#define HAVE_STRINGS_H 1
#define HAVE_INTTYPES_H 1
#define HAVE_STDINT_H 1
#define HAVE_UNISTD_H 1
#define HAVE_DLFCN_H 1
#define LT_OBJDIR ".libs/"
#define STDC_HEADERS 1
#define HAVE_TOWUPPER 1
#define HAVE_ALLOCA_H 1
#define HAVE_ALLOCA 1
#define HAVE_FORK 1
#define HAVE_VFORK 1
#define HAVE_WORKING_VFORK 1
#define HAVE_WORKING_FORK 1
#define HAVE_PRCTL 1
#define DEBUG_MEMORY 0
#define HAVE_LOCALE_H 1
#define HAVE_LC_MESSAGES 1
#define HAVE_REGEXEC 1

configure: exit 0
